<?xml version="1.0" encoding="UTF-8"?>
<testsuite xmlns:xsi="http://www.w3.org/2001/XMLSchema-instance" xsi:noNamespaceSchemaLocation="https://maven.apache.org/surefire/maven-surefire-plugin/xsd/surefire-test-report.xsd" name="junit5_test.test_pkg.SampleTestClass1" time="16.513" tests="3" errors="2" skipped="0" failures="1">
  <properties>
    <property name="gopherProxySet" value="false"/>
    <property name="awt.toolkit" value="sun.lwawt.macosx.LWCToolkit"/>
    <property name="file.encoding.pkg" value="sun.io"/>
    <property name="java.specification.version" value="1.8"/>
    <property name="sun.cpu.isalist" value=""/>
    <property name="sun.jnu.encoding" value="UTF-8"/>
    <property name="java.class.path" value="/Users/pavel.sivkovych/Work/junit5_test/target/test-classes:/Users/pavel.sivkovych/Work/junit5_test/target/classes:/Users/pavel.sivkovych/.m2/repository/io/qameta/allure/allure-junit5/2.8.1/allure-junit5-2.8.1.jar:/Users/pavel.sivkovych/.m2/repository/io/qameta/allure/allure-junit-platform/2.8.1/allure-junit-platform-2.8.1.jar:/Users/pavel.sivkovych/.m2/repository/io/qameta/allure/allure-java-commons/2.8.1/allure-java-commons-2.8.1.jar:/Users/pavel.sivkovych/.m2/repository/io/qameta/allure/allure-model/2.8.1/allure-model-2.8.1.jar:/Users/pavel.sivkovych/.m2/repository/org/apache/tika/tika-core/1.19.1/tika-core-1.19.1.jar:/Users/pavel.sivkovych/.m2/repository/org/aspectj/aspectjrt/1.9.2/aspectjrt-1.9.2.jar:/Users/pavel.sivkovych/.m2/repository/org/jooq/joor-java-8/0.9.9/joor-java-8-0.9.9.jar:/Users/pavel.sivkovych/.m2/repository/org/junit/platform/junit-platform-launcher/1.3.1/junit-platform-launcher-1.3.1.jar:/Users/pavel.sivkovych/.m2/repository/org/seleniumhq/selenium/selenium-java/3.14.0/selenium-java-3.14.0.jar:/Users/pavel.sivkovych/.m2/repository/org/seleniumhq/selenium/selenium-api/3.9.1/selenium-api-3.9.1.jar:/Users/pavel.sivkovych/.m2/repository/org/seleniumhq/selenium/selenium-chrome-driver/3.9.1/selenium-chrome-driver-3.9.1.jar:/Users/pavel.sivkovych/.m2/repository/com/google/code/gson/gson/2.8.5/gson-2.8.5.jar:/Users/pavel.sivkovych/.m2/repository/org/seleniumhq/selenium/selenium-edge-driver/3.9.1/selenium-edge-driver-3.9.1.jar:/Users/pavel.sivkovych/.m2/repository/org/seleniumhq/selenium/selenium-firefox-driver/3.9.1/selenium-firefox-driver-3.9.1.jar:/Users/pavel.sivkovych/.m2/repository/org/seleniumhq/selenium/selenium-ie-driver/3.9.1/selenium-ie-driver-3.9.1.jar:/Users/pavel.sivkovych/.m2/repository/org/seleniumhq/selenium/selenium-opera-driver/3.9.1/selenium-opera-driver-3.9.1.jar:/Users/pavel.sivkovych/.m2/repository/org/seleniumhq/selenium/selenium-remote-driver/3.9.1/selenium-remote-driver-3.9.1.jar:/Users/pavel.sivkovych/.m2/repository/org/seleniumhq/selenium/selenium-safari-driver/3.9.1/selenium-safari-driver-3.9.1.jar:/Users/pavel.sivkovych/.m2/repository/org/seleniumhq/selenium/selenium-support/3.9.1/selenium-support-3.9.1.jar:/Users/pavel.sivkovych/.m2/repository/net/bytebuddy/byte-buddy/1.7.11/byte-buddy-1.7.11.jar:/Users/pavel.sivkovych/.m2/repository/org/apache/commons/commons-exec/1.3/commons-exec-1.3.jar:/Users/pavel.sivkovych/.m2/repository/commons-codec/commons-codec/1.11/commons-codec-1.11.jar:/Users/pavel.sivkovych/.m2/repository/commons-logging/commons-logging/1.2/commons-logging-1.2.jar:/Users/pavel.sivkovych/.m2/repository/com/google/guava/guava/25.0-jre/guava-25.0-jre.jar:/Users/pavel.sivkovych/.m2/repository/com/google/code/findbugs/jsr305/1.3.9/jsr305-1.3.9.jar:/Users/pavel.sivkovych/.m2/repository/org/checkerframework/checker-compat-qual/2.0.0/checker-compat-qual-2.0.0.jar:/Users/pavel.sivkovych/.m2/repository/com/google/errorprone/error_prone_annotations/2.1.3/error_prone_annotations-2.1.3.jar:/Users/pavel.sivkovych/.m2/repository/com/google/j2objc/j2objc-annotations/1.1/j2objc-annotations-1.1.jar:/Users/pavel.sivkovych/.m2/repository/org/codehaus/mojo/animal-sniffer-annotations/1.14/animal-sniffer-annotations-1.14.jar:/Users/pavel.sivkovych/.m2/repository/org/apache/httpcomponents/httpclient/4.5.6/httpclient-4.5.6.jar:/Users/pavel.sivkovych/.m2/repository/org/apache/httpcomponents/httpcore/4.4.10/httpcore-4.4.10.jar:/Users/pavel.sivkovych/.m2/repository/com/squareup/okhttp3/okhttp/3.10.0/okhttp-3.10.0.jar:/Users/pavel.sivkovych/.m2/repository/com/squareup/okio/okio/1.14.1/okio-1.14.1.jar:/Users/pavel.sivkovych/.m2/repository/org/springframework/boot/spring-boot-starter-web/2.0.4.RELEASE/spring-boot-starter-web-2.0.4.RELEASE.jar:/Users/pavel.sivkovych/.m2/repository/org/springframework/boot/spring-boot-starter/2.0.4.RELEASE/spring-boot-starter-2.0.4.RELEASE.jar:/Users/pavel.sivkovych/.m2/repository/org/springframework/boot/spring-boot/2.0.4.RELEASE/spring-boot-2.0.4.RELEASE.jar:/Users/pavel.sivkovych/.m2/repository/org/springframework/boot/spring-boot-autoconfigure/2.0.4.RELEASE/spring-boot-autoconfigure-2.0.4.RELEASE.jar:/Users/pavel.sivkovych/.m2/repository/javax/annotation/javax.annotation-api/1.3.2/javax.annotation-api-1.3.2.jar:/Users/pavel.sivkovych/.m2/repository/org/yaml/snakeyaml/1.19/snakeyaml-1.19.jar:/Users/pavel.sivkovych/.m2/repository/org/springframework/boot/spring-boot-starter-json/2.0.4.RELEASE/spring-boot-starter-json-2.0.4.RELEASE.jar:/Users/pavel.sivkovych/.m2/repository/com/fasterxml/jackson/core/jackson-databind/2.9.6/jackson-databind-2.9.6.jar:/Users/pavel.sivkovych/.m2/repository/com/fasterxml/jackson/core/jackson-annotations/2.9.0/jackson-annotations-2.9.0.jar:/Users/pavel.sivkovych/.m2/repository/com/fasterxml/jackson/core/jackson-core/2.9.6/jackson-core-2.9.6.jar:/Users/pavel.sivkovych/.m2/repository/com/fasterxml/jackson/datatype/jackson-datatype-jdk8/2.9.6/jackson-datatype-jdk8-2.9.6.jar:/Users/pavel.sivkovych/.m2/repository/com/fasterxml/jackson/datatype/jackson-datatype-jsr310/2.9.6/jackson-datatype-jsr310-2.9.6.jar:/Users/pavel.sivkovych/.m2/repository/com/fasterxml/jackson/module/jackson-module-parameter-names/2.9.6/jackson-module-parameter-names-2.9.6.jar:/Users/pavel.sivkovych/.m2/repository/org/springframework/boot/spring-boot-starter-tomcat/2.0.4.RELEASE/spring-boot-starter-tomcat-2.0.4.RELEASE.jar:/Users/pavel.sivkovych/.m2/repository/org/apache/tomcat/embed/tomcat-embed-core/8.5.32/tomcat-embed-core-8.5.32.jar:/Users/pavel.sivkovych/.m2/repository/org/apache/tomcat/embed/tomcat-embed-el/8.5.32/tomcat-embed-el-8.5.32.jar:/Users/pavel.sivkovych/.m2/repository/org/apache/tomcat/embed/tomcat-embed-websocket/8.5.32/tomcat-embed-websocket-8.5.32.jar:/Users/pavel.sivkovych/.m2/repository/org/hibernate/validator/hibernate-validator/6.0.11.Final/hibernate-validator-6.0.11.Final.jar:/Users/pavel.sivkovych/.m2/repository/javax/validation/validation-api/2.0.1.Final/validation-api-2.0.1.Final.jar:/Users/pavel.sivkovych/.m2/repository/org/jboss/logging/jboss-logging/3.3.2.Final/jboss-logging-3.3.2.Final.jar:/Users/pavel.sivkovych/.m2/repository/com/fasterxml/classmate/1.3.4/classmate-1.3.4.jar:/Users/pavel.sivkovych/.m2/repository/org/springframework/spring-web/5.0.8.RELEASE/spring-web-5.0.8.RELEASE.jar:/Users/pavel.sivkovych/.m2/repository/org/springframework/spring-beans/5.0.8.RELEASE/spring-beans-5.0.8.RELEASE.jar:/Users/pavel.sivkovych/.m2/repository/org/springframework/spring-webmvc/5.0.8.RELEASE/spring-webmvc-5.0.8.RELEASE.jar:/Users/pavel.sivkovych/.m2/repository/org/springframework/spring-aop/5.0.8.RELEASE/spring-aop-5.0.8.RELEASE.jar:/Users/pavel.sivkovych/.m2/repository/org/springframework/spring-context/5.0.8.RELEASE/spring-context-5.0.8.RELEASE.jar:/Users/pavel.sivkovych/.m2/repository/org/springframework/spring-expression/5.0.8.RELEASE/spring-expression-5.0.8.RELEASE.jar:/Users/pavel.sivkovych/.m2/repository/org/springframework/boot/spring-boot-starter-test/2.0.4.RELEASE/spring-boot-starter-test-2.0.4.RELEASE.jar:/Users/pavel.sivkovych/.m2/repository/org/springframework/boot/spring-boot-test/2.0.4.RELEASE/spring-boot-test-2.0.4.RELEASE.jar:/Users/pavel.sivkovych/.m2/repository/org/springframework/boot/spring-boot-test-autoconfigure/2.0.4.RELEASE/spring-boot-test-autoconfigure-2.0.4.RELEASE.jar:/Users/pavel.sivkovych/.m2/repository/com/jayway/jsonpath/json-path/2.4.0/json-path-2.4.0.jar:/Users/pavel.sivkovych/.m2/repository/net/minidev/json-smart/2.3/json-smart-2.3.jar:/Users/pavel.sivkovych/.m2/repository/net/minidev/accessors-smart/1.2/accessors-smart-1.2.jar:/Users/pavel.sivkovych/.m2/repository/org/ow2/asm/asm/5.0.4/asm-5.0.4.jar:/Users/pavel.sivkovych/.m2/repository/org/slf4j/slf4j-api/1.7.25/slf4j-api-1.7.25.jar:/Users/pavel.sivkovych/.m2/repository/junit/junit/4.12/junit-4.12.jar:/Users/pavel.sivkovych/.m2/repository/org/assertj/assertj-core/3.9.1/assertj-core-3.9.1.jar:/Users/pavel.sivkovych/.m2/repository/org/mockito/mockito-core/2.15.0/mockito-core-2.15.0.jar:/Users/pavel.sivkovych/.m2/repository/net/bytebuddy/byte-buddy-agent/1.7.11/byte-buddy-agent-1.7.11.jar:/Users/pavel.sivkovych/.m2/repository/org/objenesis/objenesis/2.6/objenesis-2.6.jar:/Users/pavel.sivkovych/.m2/repository/org/hamcrest/hamcrest-core/1.3/hamcrest-core-1.3.jar:/Users/pavel.sivkovych/.m2/repository/org/hamcrest/hamcrest-library/1.3/hamcrest-library-1.3.jar:/Users/pavel.sivkovych/.m2/repository/org/skyscreamer/jsonassert/1.5.0/jsonassert-1.5.0.jar:/Users/pavel.sivkovych/.m2/repository/com/vaadin/external/google/android-json/0.0.20131108.vaadin1/android-json-0.0.20131108.vaadin1.jar:/Users/pavel.sivkovych/.m2/repository/org/springframework/spring-core/5.0.8.RELEASE/spring-core-5.0.8.RELEASE.jar:/Users/pavel.sivkovych/.m2/repository/org/springframework/spring-jcl/5.0.8.RELEASE/spring-jcl-5.0.8.RELEASE.jar:/Users/pavel.sivkovych/.m2/repository/org/springframework/spring-test/5.0.8.RELEASE/spring-test-5.0.8.RELEASE.jar:/Users/pavel.sivkovych/.m2/repository/org/xmlunit/xmlunit-core/2.5.1/xmlunit-core-2.5.1.jar:/Users/pavel.sivkovych/.m2/repository/org/springframework/boot/spring-boot-starter-data-jpa/2.0.4.RELEASE/spring-boot-starter-data-jpa-2.0.4.RELEASE.jar:/Users/pavel.sivkovych/.m2/repository/org/springframework/boot/spring-boot-starter-aop/2.0.4.RELEASE/spring-boot-starter-aop-2.0.4.RELEASE.jar:/Users/pavel.sivkovych/.m2/repository/org/aspectj/aspectjweaver/1.9.2/aspectjweaver-1.9.2.jar:/Users/pavel.sivkovych/.m2/repository/org/springframework/boot/spring-boot-starter-jdbc/2.0.4.RELEASE/spring-boot-starter-jdbc-2.0.4.RELEASE.jar:/Users/pavel.sivkovych/.m2/repository/com/zaxxer/HikariCP/2.7.9/HikariCP-2.7.9.jar:/Users/pavel.sivkovych/.m2/repository/org/springframework/spring-jdbc/5.0.8.RELEASE/spring-jdbc-5.0.8.RELEASE.jar:/Users/pavel.sivkovych/.m2/repository/org/hibernate/hibernate-core/5.2.17.Final/hibernate-core-5.2.17.Final.jar:/Users/pavel.sivkovych/.m2/repository/org/hibernate/javax/persistence/hibernate-jpa-2.1-api/1.0.2.Final/hibernate-jpa-2.1-api-1.0.2.Final.jar:/Users/pavel.sivkovych/.m2/repository/org/javassist/javassist/3.22.0-GA/javassist-3.22.0-GA.jar:/Users/pavel.sivkovych/.m2/repository/antlr/antlr/2.7.7/antlr-2.7.7.jar:/Users/pavel.sivkovych/.m2/repository/org/jboss/jandex/2.0.3.Final/jandex-2.0.3.Final.jar:/Users/pavel.sivkovych/.m2/repository/dom4j/dom4j/1.6.1/dom4j-1.6.1.jar:/Users/pavel.sivkovych/.m2/repository/org/hibernate/common/hibernate-commons-annotations/5.0.1.Final/hibernate-commons-annotations-5.0.1.Final.jar:/Users/pavel.sivkovych/.m2/repository/javax/transaction/javax.transaction-api/1.2/javax.transaction-api-1.2.jar:/Users/pavel.sivkovych/.m2/repository/org/springframework/data/spring-data-jpa/2.0.9.RELEASE/spring-data-jpa-2.0.9.RELEASE.jar:/Users/pavel.sivkovych/.m2/repository/org/springframework/data/spring-data-commons/2.0.9.RELEASE/spring-data-commons-2.0.9.RELEASE.jar:/Users/pavel.sivkovych/.m2/repository/org/springframework/spring-orm/5.0.8.RELEASE/spring-orm-5.0.8.RELEASE.jar:/Users/pavel.sivkovych/.m2/repository/org/springframework/spring-tx/5.0.8.RELEASE/spring-tx-5.0.8.RELEASE.jar:/Users/pavel.sivkovych/.m2/repository/org/springframework/spring-aspects/5.0.8.RELEASE/spring-aspects-5.0.8.RELEASE.jar:/Users/pavel.sivkovych/.m2/repository/org/springframework/boot/spring-boot-starter-log4j2/2.0.4.RELEASE/spring-boot-starter-log4j2-2.0.4.RELEASE.jar:/Users/pavel.sivkovych/.m2/repository/org/apache/logging/log4j/log4j-slf4j-impl/2.10.0/log4j-slf4j-impl-2.10.0.jar:/Users/pavel.sivkovych/.m2/repository/org/apache/logging/log4j/log4j-api/2.10.0/log4j-api-2.10.0.jar:/Users/pavel.sivkovych/.m2/repository/org/apache/logging/log4j/log4j-core/2.10.0/log4j-core-2.10.0.jar:/Users/pavel.sivkovych/.m2/repository/org/apache/logging/log4j/log4j-jul/2.10.0/log4j-jul-2.10.0.jar:/Users/pavel.sivkovych/.m2/repository/org/slf4j/jul-to-slf4j/1.7.25/jul-to-slf4j-1.7.25.jar:/Users/pavel.sivkovych/.m2/repository/org/junit/jupiter/junit-jupiter-api/5.3.2/junit-jupiter-api-5.3.2.jar:/Users/pavel.sivkovych/.m2/repository/org/apiguardian/apiguardian-api/1.0.0/apiguardian-api-1.0.0.jar:/Users/pavel.sivkovych/.m2/repository/org/opentest4j/opentest4j/1.1.1/opentest4j-1.1.1.jar:/Users/pavel.sivkovych/.m2/repository/org/junit/platform/junit-platform-commons/1.3.2/junit-platform-commons-1.3.2.jar:/Users/pavel.sivkovych/.m2/repository/org/junit/jupiter/junit-jupiter-params/5.3.2/junit-jupiter-params-5.3.2.jar:/Users/pavel.sivkovych/.m2/repository/org/junit/jupiter/junit-jupiter-engine/5.3.2/junit-jupiter-engine-5.3.2.jar:/Users/pavel.sivkovych/.m2/repository/org/junit/platform/junit-platform-engine/1.3.2/junit-platform-engine-1.3.2.jar:"/>
    <property name="java.vm.vendor" value="Oracle Corporation"/>
    <property name="sun.arch.data.model" value="64"/>
    <property name="java.vendor.url" value="http://java.oracle.com/"/>
    <property name="user.timezone" value="Europe/Kiev"/>
    <property name="java.vm.specification.version" value="1.8"/>
    <property name="os.name" value="Mac OS X"/>
    <property name="user.country" value="UA"/>
    <property name="sun.java.launcher" value="SUN_STANDARD"/>
    <property name="sun.boot.library.path" value="/Library/Java/JavaVirtualMachines/jdk1.8.0_191.jdk/Contents/Home/jre/lib"/>
    <property name="sun.java.command" value="/Users/pavel.sivkovych/Work/junit5_test/target/surefire/surefirebooter6405990368129005282.jar /Users/pavel.sivkovych/Work/junit5_test/target/surefire 2019-01-08T17-01-31_944-jvmRun1 surefire5765584069307416605tmp surefire_099743120044535240tmp"/>
    <property name="http.nonProxyHosts" value="local|*.local|169.254/16|*.169.254/16"/>
    <property name="surefire.test.class.path" value="/Users/pavel.sivkovych/Work/junit5_test/target/test-classes:/Users/pavel.sivkovych/Work/junit5_test/target/classes:/Users/pavel.sivkovych/.m2/repository/io/qameta/allure/allure-junit5/2.8.1/allure-junit5-2.8.1.jar:/Users/pavel.sivkovych/.m2/repository/io/qameta/allure/allure-junit-platform/2.8.1/allure-junit-platform-2.8.1.jar:/Users/pavel.sivkovych/.m2/repository/io/qameta/allure/allure-java-commons/2.8.1/allure-java-commons-2.8.1.jar:/Users/pavel.sivkovych/.m2/repository/io/qameta/allure/allure-model/2.8.1/allure-model-2.8.1.jar:/Users/pavel.sivkovych/.m2/repository/org/apache/tika/tika-core/1.19.1/tika-core-1.19.1.jar:/Users/pavel.sivkovych/.m2/repository/org/aspectj/aspectjrt/1.9.2/aspectjrt-1.9.2.jar:/Users/pavel.sivkovych/.m2/repository/org/jooq/joor-java-8/0.9.9/joor-java-8-0.9.9.jar:/Users/pavel.sivkovych/.m2/repository/org/junit/platform/junit-platform-launcher/1.3.1/junit-platform-launcher-1.3.1.jar:/Users/pavel.sivkovych/.m2/repository/org/seleniumhq/selenium/selenium-java/3.14.0/selenium-java-3.14.0.jar:/Users/pavel.sivkovych/.m2/repository/org/seleniumhq/selenium/selenium-api/3.9.1/selenium-api-3.9.1.jar:/Users/pavel.sivkovych/.m2/repository/org/seleniumhq/selenium/selenium-chrome-driver/3.9.1/selenium-chrome-driver-3.9.1.jar:/Users/pavel.sivkovych/.m2/repository/com/google/code/gson/gson/2.8.5/gson-2.8.5.jar:/Users/pavel.sivkovych/.m2/repository/org/seleniumhq/selenium/selenium-edge-driver/3.9.1/selenium-edge-driver-3.9.1.jar:/Users/pavel.sivkovych/.m2/repository/org/seleniumhq/selenium/selenium-firefox-driver/3.9.1/selenium-firefox-driver-3.9.1.jar:/Users/pavel.sivkovych/.m2/repository/org/seleniumhq/selenium/selenium-ie-driver/3.9.1/selenium-ie-driver-3.9.1.jar:/Users/pavel.sivkovych/.m2/repository/org/seleniumhq/selenium/selenium-opera-driver/3.9.1/selenium-opera-driver-3.9.1.jar:/Users/pavel.sivkovych/.m2/repository/org/seleniumhq/selenium/selenium-remote-driver/3.9.1/selenium-remote-driver-3.9.1.jar:/Users/pavel.sivkovych/.m2/repository/org/seleniumhq/selenium/selenium-safari-driver/3.9.1/selenium-safari-driver-3.9.1.jar:/Users/pavel.sivkovych/.m2/repository/org/seleniumhq/selenium/selenium-support/3.9.1/selenium-support-3.9.1.jar:/Users/pavel.sivkovych/.m2/repository/net/bytebuddy/byte-buddy/1.7.11/byte-buddy-1.7.11.jar:/Users/pavel.sivkovych/.m2/repository/org/apache/commons/commons-exec/1.3/commons-exec-1.3.jar:/Users/pavel.sivkovych/.m2/repository/commons-codec/commons-codec/1.11/commons-codec-1.11.jar:/Users/pavel.sivkovych/.m2/repository/commons-logging/commons-logging/1.2/commons-logging-1.2.jar:/Users/pavel.sivkovych/.m2/repository/com/google/guava/guava/25.0-jre/guava-25.0-jre.jar:/Users/pavel.sivkovych/.m2/repository/com/google/code/findbugs/jsr305/1.3.9/jsr305-1.3.9.jar:/Users/pavel.sivkovych/.m2/repository/org/checkerframework/checker-compat-qual/2.0.0/checker-compat-qual-2.0.0.jar:/Users/pavel.sivkovych/.m2/repository/com/google/errorprone/error_prone_annotations/2.1.3/error_prone_annotations-2.1.3.jar:/Users/pavel.sivkovych/.m2/repository/com/google/j2objc/j2objc-annotations/1.1/j2objc-annotations-1.1.jar:/Users/pavel.sivkovych/.m2/repository/org/codehaus/mojo/animal-sniffer-annotations/1.14/animal-sniffer-annotations-1.14.jar:/Users/pavel.sivkovych/.m2/repository/org/apache/httpcomponents/httpclient/4.5.6/httpclient-4.5.6.jar:/Users/pavel.sivkovych/.m2/repository/org/apache/httpcomponents/httpcore/4.4.10/httpcore-4.4.10.jar:/Users/pavel.sivkovych/.m2/repository/com/squareup/okhttp3/okhttp/3.10.0/okhttp-3.10.0.jar:/Users/pavel.sivkovych/.m2/repository/com/squareup/okio/okio/1.14.1/okio-1.14.1.jar:/Users/pavel.sivkovych/.m2/repository/org/springframework/boot/spring-boot-starter-web/2.0.4.RELEASE/spring-boot-starter-web-2.0.4.RELEASE.jar:/Users/pavel.sivkovych/.m2/repository/org/springframework/boot/spring-boot-starter/2.0.4.RELEASE/spring-boot-starter-2.0.4.RELEASE.jar:/Users/pavel.sivkovych/.m2/repository/org/springframework/boot/spring-boot/2.0.4.RELEASE/spring-boot-2.0.4.RELEASE.jar:/Users/pavel.sivkovych/.m2/repository/org/springframework/boot/spring-boot-autoconfigure/2.0.4.RELEASE/spring-boot-autoconfigure-2.0.4.RELEASE.jar:/Users/pavel.sivkovych/.m2/repository/javax/annotation/javax.annotation-api/1.3.2/javax.annotation-api-1.3.2.jar:/Users/pavel.sivkovych/.m2/repository/org/yaml/snakeyaml/1.19/snakeyaml-1.19.jar:/Users/pavel.sivkovych/.m2/repository/org/springframework/boot/spring-boot-starter-json/2.0.4.RELEASE/spring-boot-starter-json-2.0.4.RELEASE.jar:/Users/pavel.sivkovych/.m2/repository/com/fasterxml/jackson/core/jackson-databind/2.9.6/jackson-databind-2.9.6.jar:/Users/pavel.sivkovych/.m2/repository/com/fasterxml/jackson/core/jackson-annotations/2.9.0/jackson-annotations-2.9.0.jar:/Users/pavel.sivkovych/.m2/repository/com/fasterxml/jackson/core/jackson-core/2.9.6/jackson-core-2.9.6.jar:/Users/pavel.sivkovych/.m2/repository/com/fasterxml/jackson/datatype/jackson-datatype-jdk8/2.9.6/jackson-datatype-jdk8-2.9.6.jar:/Users/pavel.sivkovych/.m2/repository/com/fasterxml/jackson/datatype/jackson-datatype-jsr310/2.9.6/jackson-datatype-jsr310-2.9.6.jar:/Users/pavel.sivkovych/.m2/repository/com/fasterxml/jackson/module/jackson-module-parameter-names/2.9.6/jackson-module-parameter-names-2.9.6.jar:/Users/pavel.sivkovych/.m2/repository/org/springframework/boot/spring-boot-starter-tomcat/2.0.4.RELEASE/spring-boot-starter-tomcat-2.0.4.RELEASE.jar:/Users/pavel.sivkovych/.m2/repository/org/apache/tomcat/embed/tomcat-embed-core/8.5.32/tomcat-embed-core-8.5.32.jar:/Users/pavel.sivkovych/.m2/repository/org/apache/tomcat/embed/tomcat-embed-el/8.5.32/tomcat-embed-el-8.5.32.jar:/Users/pavel.sivkovych/.m2/repository/org/apache/tomcat/embed/tomcat-embed-websocket/8.5.32/tomcat-embed-websocket-8.5.32.jar:/Users/pavel.sivkovych/.m2/repository/org/hibernate/validator/hibernate-validator/6.0.11.Final/hibernate-validator-6.0.11.Final.jar:/Users/pavel.sivkovych/.m2/repository/javax/validation/validation-api/2.0.1.Final/validation-api-2.0.1.Final.jar:/Users/pavel.sivkovych/.m2/repository/org/jboss/logging/jboss-logging/3.3.2.Final/jboss-logging-3.3.2.Final.jar:/Users/pavel.sivkovych/.m2/repository/com/fasterxml/classmate/1.3.4/classmate-1.3.4.jar:/Users/pavel.sivkovych/.m2/repository/org/springframework/spring-web/5.0.8.RELEASE/spring-web-5.0.8.RELEASE.jar:/Users/pavel.sivkovych/.m2/repository/org/springframework/spring-beans/5.0.8.RELEASE/spring-beans-5.0.8.RELEASE.jar:/Users/pavel.sivkovych/.m2/repository/org/springframework/spring-webmvc/5.0.8.RELEASE/spring-webmvc-5.0.8.RELEASE.jar:/Users/pavel.sivkovych/.m2/repository/org/springframework/spring-aop/5.0.8.RELEASE/spring-aop-5.0.8.RELEASE.jar:/Users/pavel.sivkovych/.m2/repository/org/springframework/spring-context/5.0.8.RELEASE/spring-context-5.0.8.RELEASE.jar:/Users/pavel.sivkovych/.m2/repository/org/springframework/spring-expression/5.0.8.RELEASE/spring-expression-5.0.8.RELEASE.jar:/Users/pavel.sivkovych/.m2/repository/org/springframework/boot/spring-boot-starter-test/2.0.4.RELEASE/spring-boot-starter-test-2.0.4.RELEASE.jar:/Users/pavel.sivkovych/.m2/repository/org/springframework/boot/spring-boot-test/2.0.4.RELEASE/spring-boot-test-2.0.4.RELEASE.jar:/Users/pavel.sivkovych/.m2/repository/org/springframework/boot/spring-boot-test-autoconfigure/2.0.4.RELEASE/spring-boot-test-autoconfigure-2.0.4.RELEASE.jar:/Users/pavel.sivkovych/.m2/repository/com/jayway/jsonpath/json-path/2.4.0/json-path-2.4.0.jar:/Users/pavel.sivkovych/.m2/repository/net/minidev/json-smart/2.3/json-smart-2.3.jar:/Users/pavel.sivkovych/.m2/repository/net/minidev/accessors-smart/1.2/accessors-smart-1.2.jar:/Users/pavel.sivkovych/.m2/repository/org/ow2/asm/asm/5.0.4/asm-5.0.4.jar:/Users/pavel.sivkovych/.m2/repository/org/slf4j/slf4j-api/1.7.25/slf4j-api-1.7.25.jar:/Users/pavel.sivkovych/.m2/repository/junit/junit/4.12/junit-4.12.jar:/Users/pavel.sivkovych/.m2/repository/org/assertj/assertj-core/3.9.1/assertj-core-3.9.1.jar:/Users/pavel.sivkovych/.m2/repository/org/mockito/mockito-core/2.15.0/mockito-core-2.15.0.jar:/Users/pavel.sivkovych/.m2/repository/net/bytebuddy/byte-buddy-agent/1.7.11/byte-buddy-agent-1.7.11.jar:/Users/pavel.sivkovych/.m2/repository/org/objenesis/objenesis/2.6/objenesis-2.6.jar:/Users/pavel.sivkovych/.m2/repository/org/hamcrest/hamcrest-core/1.3/hamcrest-core-1.3.jar:/Users/pavel.sivkovych/.m2/repository/org/hamcrest/hamcrest-library/1.3/hamcrest-library-1.3.jar:/Users/pavel.sivkovych/.m2/repository/org/skyscreamer/jsonassert/1.5.0/jsonassert-1.5.0.jar:/Users/pavel.sivkovych/.m2/repository/com/vaadin/external/google/android-json/0.0.20131108.vaadin1/android-json-0.0.20131108.vaadin1.jar:/Users/pavel.sivkovych/.m2/repository/org/springframework/spring-core/5.0.8.RELEASE/spring-core-5.0.8.RELEASE.jar:/Users/pavel.sivkovych/.m2/repository/org/springframework/spring-jcl/5.0.8.RELEASE/spring-jcl-5.0.8.RELEASE.jar:/Users/pavel.sivkovych/.m2/repository/org/springframework/spring-test/5.0.8.RELEASE/spring-test-5.0.8.RELEASE.jar:/Users/pavel.sivkovych/.m2/repository/org/xmlunit/xmlunit-core/2.5.1/xmlunit-core-2.5.1.jar:/Users/pavel.sivkovych/.m2/repository/org/springframework/boot/spring-boot-starter-data-jpa/2.0.4.RELEASE/spring-boot-starter-data-jpa-2.0.4.RELEASE.jar:/Users/pavel.sivkovych/.m2/repository/org/springframework/boot/spring-boot-starter-aop/2.0.4.RELEASE/spring-boot-starter-aop-2.0.4.RELEASE.jar:/Users/pavel.sivkovych/.m2/repository/org/aspectj/aspectjweaver/1.9.2/aspectjweaver-1.9.2.jar:/Users/pavel.sivkovych/.m2/repository/org/springframework/boot/spring-boot-starter-jdbc/2.0.4.RELEASE/spring-boot-starter-jdbc-2.0.4.RELEASE.jar:/Users/pavel.sivkovych/.m2/repository/com/zaxxer/HikariCP/2.7.9/HikariCP-2.7.9.jar:/Users/pavel.sivkovych/.m2/repository/org/springframework/spring-jdbc/5.0.8.RELEASE/spring-jdbc-5.0.8.RELEASE.jar:/Users/pavel.sivkovych/.m2/repository/org/hibernate/hibernate-core/5.2.17.Final/hibernate-core-5.2.17.Final.jar:/Users/pavel.sivkovych/.m2/repository/org/hibernate/javax/persistence/hibernate-jpa-2.1-api/1.0.2.Final/hibernate-jpa-2.1-api-1.0.2.Final.jar:/Users/pavel.sivkovych/.m2/repository/org/javassist/javassist/3.22.0-GA/javassist-3.22.0-GA.jar:/Users/pavel.sivkovych/.m2/repository/antlr/antlr/2.7.7/antlr-2.7.7.jar:/Users/pavel.sivkovych/.m2/repository/org/jboss/jandex/2.0.3.Final/jandex-2.0.3.Final.jar:/Users/pavel.sivkovych/.m2/repository/dom4j/dom4j/1.6.1/dom4j-1.6.1.jar:/Users/pavel.sivkovych/.m2/repository/org/hibernate/common/hibernate-commons-annotations/5.0.1.Final/hibernate-commons-annotations-5.0.1.Final.jar:/Users/pavel.sivkovych/.m2/repository/javax/transaction/javax.transaction-api/1.2/javax.transaction-api-1.2.jar:/Users/pavel.sivkovych/.m2/repository/org/springframework/data/spring-data-jpa/2.0.9.RELEASE/spring-data-jpa-2.0.9.RELEASE.jar:/Users/pavel.sivkovych/.m2/repository/org/springframework/data/spring-data-commons/2.0.9.RELEASE/spring-data-commons-2.0.9.RELEASE.jar:/Users/pavel.sivkovych/.m2/repository/org/springframework/spring-orm/5.0.8.RELEASE/spring-orm-5.0.8.RELEASE.jar:/Users/pavel.sivkovych/.m2/repository/org/springframework/spring-tx/5.0.8.RELEASE/spring-tx-5.0.8.RELEASE.jar:/Users/pavel.sivkovych/.m2/repository/org/springframework/spring-aspects/5.0.8.RELEASE/spring-aspects-5.0.8.RELEASE.jar:/Users/pavel.sivkovych/.m2/repository/org/springframework/boot/spring-boot-starter-log4j2/2.0.4.RELEASE/spring-boot-starter-log4j2-2.0.4.RELEASE.jar:/Users/pavel.sivkovych/.m2/repository/org/apache/logging/log4j/log4j-slf4j-impl/2.10.0/log4j-slf4j-impl-2.10.0.jar:/Users/pavel.sivkovych/.m2/repository/org/apache/logging/log4j/log4j-api/2.10.0/log4j-api-2.10.0.jar:/Users/pavel.sivkovych/.m2/repository/org/apache/logging/log4j/log4j-core/2.10.0/log4j-core-2.10.0.jar:/Users/pavel.sivkovych/.m2/repository/org/apache/logging/log4j/log4j-jul/2.10.0/log4j-jul-2.10.0.jar:/Users/pavel.sivkovych/.m2/repository/org/slf4j/jul-to-slf4j/1.7.25/jul-to-slf4j-1.7.25.jar:/Users/pavel.sivkovych/.m2/repository/org/junit/jupiter/junit-jupiter-api/5.3.2/junit-jupiter-api-5.3.2.jar:/Users/pavel.sivkovych/.m2/repository/org/apiguardian/apiguardian-api/1.0.0/apiguardian-api-1.0.0.jar:/Users/pavel.sivkovych/.m2/repository/org/opentest4j/opentest4j/1.1.1/opentest4j-1.1.1.jar:/Users/pavel.sivkovych/.m2/repository/org/junit/platform/junit-platform-commons/1.3.2/junit-platform-commons-1.3.2.jar:/Users/pavel.sivkovych/.m2/repository/org/junit/jupiter/junit-jupiter-params/5.3.2/junit-jupiter-params-5.3.2.jar:/Users/pavel.sivkovych/.m2/repository/org/junit/jupiter/junit-jupiter-engine/5.3.2/junit-jupiter-engine-5.3.2.jar:/Users/pavel.sivkovych/.m2/repository/org/junit/platform/junit-platform-engine/1.3.2/junit-platform-engine-1.3.2.jar:"/>
    <property name="sun.cpu.endian" value="little"/>
    <property name="user.home" value="/Users/pavel.sivkovych"/>
    <property name="user.language" value="ru"/>
    <property name="java.specification.vendor" value="Oracle Corporation"/>
    <property name="java.home" value="/Library/Java/JavaVirtualMachines/jdk1.8.0_191.jdk/Contents/Home/jre"/>
    <property name="basedir" value="/Users/pavel.sivkovych/Work/junit5_test"/>
    <property name="file.separator" value="/"/>
    <property name="line.separator" value="&#10;"/>
    <property name="java.vm.specification.vendor" value="Oracle Corporation"/>
    <property name="java.specification.name" value="Java Platform API Specification"/>
    <property name="java.awt.graphicsenv" value="sun.awt.CGraphicsEnvironment"/>
    <property name="surefire.real.class.path" value="/Users/pavel.sivkovych/Work/junit5_test/target/surefire/surefirebooter6405990368129005282.jar:/Users/pavel.sivkovych/.m2/repository/org/aspectj/aspectjweaver/1.9.2/aspectjweaver-1.9.2.jar"/>
    <property name="sun.boot.class.path" value="/Library/Java/JavaVirtualMachines/jdk1.8.0_191.jdk/Contents/Home/jre/lib/resources.jar:/Library/Java/JavaVirtualMachines/jdk1.8.0_191.jdk/Contents/Home/jre/lib/rt.jar:/Library/Java/JavaVirtualMachines/jdk1.8.0_191.jdk/Contents/Home/jre/lib/sunrsasign.jar:/Library/Java/JavaVirtualMachines/jdk1.8.0_191.jdk/Contents/Home/jre/lib/jsse.jar:/Library/Java/JavaVirtualMachines/jdk1.8.0_191.jdk/Contents/Home/jre/lib/jce.jar:/Library/Java/JavaVirtualMachines/jdk1.8.0_191.jdk/Contents/Home/jre/lib/charsets.jar:/Library/Java/JavaVirtualMachines/jdk1.8.0_191.jdk/Contents/Home/jre/lib/jfr.jar:/Library/Java/JavaVirtualMachines/jdk1.8.0_191.jdk/Contents/Home/jre/classes"/>
    <property name="sun.management.compiler" value="HotSpot 64-Bit Tiered Compilers"/>
    <property name="ftp.nonProxyHosts" value="local|*.local|169.254/16|*.169.254/16"/>
    <property name="java.runtime.version" value="1.8.0_191-b12"/>
    <property name="user.name" value="pavel.sivkovych"/>
    <property name="path.separator" value=":"/>
    <property name="os.version" value="10.14.2"/>
    <property name="java.endorsed.dirs" value="/Library/Java/JavaVirtualMachines/jdk1.8.0_191.jdk/Contents/Home/jre/lib/endorsed"/>
    <property name="java.runtime.name" value="Java(TM) SE Runtime Environment"/>
    <property name="file.encoding" value="UTF-8"/>
    <property name="java.vm.name" value="Java HotSpot(TM) 64-Bit Server VM"/>
    <property name="localRepository" value="/Users/pavel.sivkovych/.m2/repository"/>
    <property name="java.vendor.url.bug" value="http://bugreport.sun.com/bugreport/"/>
    <property name="java.io.tmpdir" value="/var/folders/xs/fzmbxkqx1q72c7c2r9qx_zph0000gn/T/"/>
    <property name="java.version" value="1.8.0_191"/>
    <property name="user.dir" value="/Users/pavel.sivkovych/Work/junit5_test"/>
    <property name="os.arch" value="x86_64"/>
    <property name="java.vm.specification.name" value="Java Virtual Machine Specification"/>
    <property name="java.awt.printerjob" value="sun.lwawt.macosx.CPrinterJob"/>
    <property name="sun.os.patch.level" value="unknown"/>
    <property name="java.library.path" value="/Users/pavel.sivkovych/Library/Java/Extensions:/Library/Java/Extensions:/Network/Library/Java/Extensions:/System/Library/Java/Extensions:/usr/lib/java:."/>
    <property name="java.vm.info" value="mixed mode"/>
    <property name="java.vendor" value="Oracle Corporation"/>
    <property name="java.vm.version" value="25.191-b12"/>
    <property name="java.ext.dirs" value="/Users/pavel.sivkovych/Library/Java/Extensions:/Library/Java/JavaVirtualMachines/jdk1.8.0_191.jdk/Contents/Home/jre/lib/ext:/Library/Java/Extensions:/Network/Library/Java/Extensions:/System/Library/Java/Extensions:/usr/lib/java"/>
    <property name="sun.io.unicode.encoding" value="UnicodeBig"/>
    <property name="java.class.version" value="52.0"/>
    <property name="socksNonProxyHosts" value="local|*.local|169.254/16|*.169.254/16"/>
  </properties>
  <testcase name="test2" classname="junit5_test.test_pkg.SampleTestClass1" time="0.065">
    <failure message="Fail Msg" type="org.opentest4j.AssertionFailedError">org.opentest4j.AssertionFailedError: Fail Msg
	at junit5_test.test_pkg.SampleTestClass1.test2(SampleTestClass1.java:85)
</failure>
  </testcase>
  <testcase name="test3" classname="junit5_test.test_pkg.SampleTestClass1" time="0.021">
    <error message="Hello there" type="java.lang.RuntimeException">java.lang.RuntimeException: Hello there
	at junit5_test.test_pkg.SampleTestClass1.test3(SampleTestClass1.java:97)
</error>
    <system-out><![CDATA[
start: base_before_each1
testInfo.getDisplayName() = '@DisplayName' of method3
testInfo.getTags() = [method_tag3, tag_for_all, class_tag1, class_tag2]
end: base_before_each1


start: base_before_each2
testInfo.getDisplayName() = '@DisplayName' of method3
testInfo.getTags() = [method_tag3, tag_for_all, class_tag1, class_tag2]
end: base_before_each2


I am sample test3
I am going to fail with custom error
Look!

start: after_test_callback
context.getTags() = [method_tag3, tag_for_all, class_tag1, class_tag2]
context.getUniqueId() = [engine:junit-jupiter]/[class:junit5_test.test_pkg.SampleTestClass1]/[method:test3()]
context.getDisplayName() = '@DisplayName' of method3
context.getExecutionException() = Optional[java.lang.RuntimeException: Hello there]
isFailed = true
end: after_test_callback


start: base_after_each2
testInfo.getDisplayName() = '@DisplayName' of method3
testInfo.getTags() = [method_tag3, tag_for_all, class_tag1, class_tag2]
end: base_after_each2


start: base_after_each1
testInfo.getDisplayName() = '@DisplayName' of method3
testInfo.getTags() = [method_tag3, tag_for_all, class_tag1, class_tag2]
end: base_after_each1

]]></system-out>
  </testcase>
  <testcase name="test4" classname="junit5_test.test_pkg.SampleTestClass1" time="0.008">
    <error message="NPE, MOTHER FUCKER!" type="java.lang.NullPointerException">java.lang.NullPointerException: NPE, MOTHER FUCKER!
	at junit5_test.test_pkg.SampleTestClass1.test4(SampleTestClass1.java:108)
</error>
    <system-out><![CDATA[
start: base_before_each1
testInfo.getDisplayName() = '@DisplayName' of method4
testInfo.getTags() = [method_tag4, tag_for_all, class_tag1, class_tag2]
end: base_before_each1


start: base_before_each2
testInfo.getDisplayName() = '@DisplayName' of method4
testInfo.getTags() = [method_tag4, tag_for_all, class_tag1, class_tag2]
end: base_before_each2


I am sample test4
I am going to fail with custom error
Look!

start: after_test_callback
context.getTags() = [method_tag4, tag_for_all, class_tag1, class_tag2]
context.getUniqueId() = [engine:junit-jupiter]/[class:junit5_test.test_pkg.SampleTestClass1]/[method:test4()]
context.getDisplayName() = '@DisplayName' of method4
context.getExecutionException() = Optional[java.lang.NullPointerException: NPE, MOTHER FUCKER!]
isFailed = true
end: after_test_callback


start: base_after_each2
testInfo.getDisplayName() = '@DisplayName' of method4
testInfo.getTags() = [method_tag4, tag_for_all, class_tag1, class_tag2]
end: base_after_each2


start: base_after_each1
testInfo.getDisplayName() = '@DisplayName' of method4
testInfo.getTags() = [method_tag4, tag_for_all, class_tag1, class_tag2]
end: base_after_each1

]]></system-out>
  </testcase>
</testsuite>